  olcEngine3D.cpp
C:\Users\Games\Desktop\CodingStuff\olcEngine3D\olcEngine3D\olcConsoleGameEngine.h(759,1): warning C4267: 'initializing': conversion from 'size_t' to 'int', possible loss of data
C:\Users\Games\Desktop\CodingStuff\olcEngine3D\olcEngine3D\olcConsoleGameEngine.h(1099,1): warning C4267: 'return': conversion from 'size_t' to 'unsigned int', possible loss of data
C:\Users\Games\Desktop\CodingStuff\olcEngine3D\olcEngine3D\olcConsoleGameEngine.h(1196,1): warning C4312: 'type cast': conversion from 'DWORD' to 'olcConsoleGameEngine *' of greater size
C:\Users\Games\Desktop\CodingStuff\olcEngine3D\olcEngine3D\olcEngine3D.cpp(608,1): warning C4267: '=': conversion from 'size_t' to 'int', possible loss of data
C:\Users\Games\Desktop\CodingStuff\olcEngine3D\olcEngine3D\olcEngine3D.cpp(613,86): warning C4244: 'argument': conversion from 'float' to 'int', possible loss of data
C:\Users\Games\Desktop\CodingStuff\olcEngine3D\olcEngine3D\olcEngine3D.cpp(613,76): warning C4244: 'argument': conversion from 'float' to 'int', possible loss of data
C:\Users\Games\Desktop\CodingStuff\olcEngine3D\olcEngine3D\olcEngine3D.cpp(613,66): warning C4244: 'argument': conversion from 'float' to 'int', possible loss of data
C:\Users\Games\Desktop\CodingStuff\olcEngine3D\olcEngine3D\olcEngine3D.cpp(613,56): warning C4244: 'argument': conversion from 'float' to 'int', possible loss of data
C:\Users\Games\Desktop\CodingStuff\olcEngine3D\olcEngine3D\olcEngine3D.cpp(613,46): warning C4244: 'argument': conversion from 'float' to 'int', possible loss of data
C:\Users\Games\Desktop\CodingStuff\olcEngine3D\olcEngine3D\olcEngine3D.cpp(613,36): warning C4244: 'argument': conversion from 'float' to 'int', possible loss of data
C:\Users\Games\Desktop\CodingStuff\olcEngine3D\olcEngine3D\olcEngine3D.cpp(614,86): warning C4244: 'argument': conversion from 'float' to 'int', possible loss of data
C:\Users\Games\Desktop\CodingStuff\olcEngine3D\olcEngine3D\olcEngine3D.cpp(614,76): warning C4244: 'argument': conversion from 'float' to 'int', possible loss of data
C:\Users\Games\Desktop\CodingStuff\olcEngine3D\olcEngine3D\olcEngine3D.cpp(614,66): warning C4244: 'argument': conversion from 'float' to 'int', possible loss of data
C:\Users\Games\Desktop\CodingStuff\olcEngine3D\olcEngine3D\olcEngine3D.cpp(614,56): warning C4244: 'argument': conversion from 'float' to 'int', possible loss of data
C:\Users\Games\Desktop\CodingStuff\olcEngine3D\olcEngine3D\olcEngine3D.cpp(614,46): warning C4244: 'argument': conversion from 'float' to 'int', possible loss of data
C:\Users\Games\Desktop\CodingStuff\olcEngine3D\olcEngine3D\olcEngine3D.cpp(614,36): warning C4244: 'argument': conversion from 'float' to 'int', possible loss of data
  Generating code
  3 of 629 functions ( 0.5%) were compiled, the rest were copied from previous compilation.
    0 functions were new in current compilation
    0 functions had inline decision re-evaluated but remain unchanged
  Finished generating code
  olcEngine3D.vcxproj -> C:\Users\Games\Desktop\CodingStuff\olcEngine3D\x64\Release\olcEngine3D.exe
